[1225/154843.951:ERROR:directory_reader_win.cc(43)] FindFirstFile: 指定されたパスが見つかりません。 (0x3)
[1228/122140.035:ERROR:file_io.cc(90)] ReadExactly: expected 36, observed 0
[1228/200919.130:ERROR:directory_reader_win.cc(43)] FindFirstFile: 指定されたパスが見つかりません。 (0x3)
[0104/022738.151:ERROR:directory_reader_win.cc(43)] FindFirstFile: 指定されたパスが見つかりません。 (0x3)
[0110/210817.179:ERROR:directory_reader_win.cc(43)] FindFirstFile: 指定されたパスが見つかりません。 (0x3)
[0116/000044.880:ERROR:directory_reader_win.cc(43)] FindFirstFile: 指定されたパスが見つかりません。 (0x3)
[0116/235500.798:ERROR:process_reader_win.cc(151)] SuspendThread: アクセスが拒否されました。 (0x5)
[0116/235500.798:ERROR:process_reader_win.cc(151)] SuspendThread: アクセスが拒否されました。 (0x5)
[0116/235500.799:ERROR:process_reader_win.cc(151)] SuspendThread: アクセスが拒否されました。 (0x5)
[0116/235500.799:ERROR:process_reader_win.cc(151)] SuspendThread: アクセスが拒否されました。 (0x5)
[0116/235500.799:ERROR:process_reader_win.cc(151)] SuspendThread: アクセスが拒否されました。 (0x5)
[0116/235500.799:ERROR:process_reader_win.cc(151)] SuspendThread: アクセスが拒否されました。 (0x5)
[0116/235500.799:ERROR:process_reader_win.cc(151)] SuspendThread: アクセスが拒否されました。 (0x5)
[0116/235500.799:ERROR:process_reader_win.cc(151)] SuspendThread: アクセスが拒否されました。 (0x5)
[0116/235500.799:ERROR:process_reader_win.cc(151)] SuspendThread: アクセスが拒否されました。 (0x5)
[0116/235500.799:ERROR:process_reader_win.cc(151)] SuspendThread: アクセスが拒否されました。 (0x5)
[0116/235500.799:ERROR:process_reader_win.cc(151)] SuspendThread: アクセスが拒否されました。 (0x5)
[0116/235500.800:ERROR:process_reader_win.cc(151)] SuspendThread: アクセスが拒否されました。 (0x5)
[0116/235500.800:ERROR:process_reader_win.cc(151)] SuspendThread: アクセスが拒否されました。 (0x5)
[0116/235500.800:ERROR:process_reader_win.cc(123)] NtOpenThread: {アクセス拒否} プロセスはオブジェクトのアクセスを要求しましたが、アクセス権が与えられていません。 (0xc0000022)
[0116/235500.801:ERROR:exception_snapshot_win.cc(99)] thread ID 28320 not found in process
[0116/235500.879:ERROR:process_reader_win.cc(151)] SuspendThread: アクセスが拒否されました。 (0x5)
[0116/235500.879:ERROR:process_reader_win.cc(151)] SuspendThread: アクセスが拒否されました。 (0x5)
[0116/235500.880:ERROR:process_reader_win.cc(123)] NtOpenThread: {アクセス拒否} プロセスはオブジェクトのアクセスを要求しましたが、アクセス権が与えられていません。 (0xc0000022)
[0116/235500.880:ERROR:exception_snapshot_win.cc(99)] thread ID 23604 not found in process
[0116/235500.912:ERROR:process_reader_win.cc(151)] SuspendThread: アクセスが拒否されました。 (0x5)
[0116/235500.913:ERROR:process_reader_win.cc(151)] SuspendThread: アクセスが拒否されました。 (0x5)
[0116/235500.913:ERROR:process_reader_win.cc(151)] SuspendThread: アクセスが拒否されました。 (0x5)
[0116/235500.913:ERROR:process_reader_win.cc(151)] SuspendThread: アクセスが拒否されました。 (0x5)
[0116/235500.913:ERROR:process_reader_win.cc(151)] SuspendThread: アクセスが拒否されました。 (0x5)
[0116/235500.913:ERROR:process_reader_win.cc(151)] SuspendThread: アクセスが拒否されました。 (0x5)
[0116/235500.913:ERROR:process_reader_win.cc(151)] SuspendThread: アクセスが拒否されました。 (0x5)
[0116/235500.913:ERROR:process_reader_win.cc(151)] SuspendThread: アクセスが拒否されました。 (0x5)
[0116/235500.913:ERROR:process_reader_win.cc(151)] SuspendThread: アクセスが拒否されました。 (0x5)
[0116/235500.913:ERROR:process_reader_win.cc(151)] SuspendThread: アクセスが拒否されました。 (0x5)
[0116/235500.913:ERROR:process_reader_win.cc(151)] SuspendThread: アクセスが拒否されました。 (0x5)
[0116/235500.913:ERROR:process_reader_win.cc(151)] SuspendThread: アクセスが拒否されました。 (0x5)
[0116/235500.913:ERROR:process_reader_win.cc(151)] SuspendThread: アクセスが拒否されました。 (0x5)
[0116/235500.913:ERROR:process_reader_win.cc(123)] NtOpenThread: {アクセス拒否} プロセスはオブジェクトのアクセスを要求しましたが、アクセス権が与えられていません。 (0xc0000022)
[0116/235500.913:ERROR:exception_snapshot_win.cc(99)] thread ID 30912 not found in process
[0116/235500.944:ERROR:process_reader_win.cc(151)] SuspendThread: アクセスが拒否されました。 (0x5)
[0116/235500.945:ERROR:process_reader_win.cc(151)] SuspendThread: アクセスが拒否されました。 (0x5)
[0116/235500.945:ERROR:process_reader_win.cc(151)] SuspendThread: アクセスが拒否されました。 (0x5)
[0116/235500.945:ERROR:process_reader_win.cc(151)] SuspendThread: アクセスが拒否されました。 (0x5)
[0116/235500.945:ERROR:process_reader_win.cc(151)] SuspendThread: アクセスが拒否されました。 (0x5)
[0116/235500.945:ERROR:process_reader_win.cc(151)] SuspendThread: アクセスが拒否されました。 (0x5)
[0116/235500.945:ERROR:process_reader_win.cc(151)] SuspendThread: アクセスが拒否されました。 (0x5)
[0116/235500.945:ERROR:process_reader_win.cc(151)] SuspendThread: アクセスが拒否されました。 (0x5)
[0116/235500.945:ERROR:process_reader_win.cc(151)] SuspendThread: アクセスが拒否されました。 (0x5)
[0116/235500.945:ERROR:process_reader_win.cc(151)] SuspendThread: アクセスが拒否されました。 (0x5)
[0116/235500.945:ERROR:process_reader_win.cc(151)] SuspendThread: アクセスが拒否されました。 (0x5)
[0116/235500.945:ERROR:process_reader_win.cc(151)] SuspendThread: アクセスが拒否されました。 (0x5)
[0116/235500.945:ERROR:process_reader_win.cc(151)] SuspendThread: アクセスが拒否されました。 (0x5)
[0116/235500.945:ERROR:process_reader_win.cc(151)] SuspendThread: アクセスが拒否されました。 (0x5)
[0116/235500.945:ERROR:process_reader_win.cc(151)] SuspendThread: アクセスが拒否されました。 (0x5)
[0116/235500.945:ERROR:process_reader_win.cc(123)] NtOpenThread: {アクセス拒否} プロセスはオブジェクトのアクセスを要求しましたが、アクセス権が与えられていません。 (0xc0000022)
[0116/235500.945:ERROR:exception_snapshot_win.cc(99)] thread ID 940 not found in process
[0116/235501.004:ERROR:process_reader_win.cc(151)] SuspendThread: アクセスが拒否されました。 (0x5)
[0116/235501.005:ERROR:process_reader_win.cc(151)] SuspendThread: アクセスが拒否されました。 (0x5)
[0116/235501.005:ERROR:process_reader_win.cc(151)] SuspendThread: アクセスが拒否されました。 (0x5)
[0116/235501.005:ERROR:process_reader_win.cc(151)] SuspendThread: アクセスが拒否されました。 (0x5)
[0116/235501.005:ERROR:process_reader_win.cc(151)] SuspendThread: アクセスが拒否されました。 (0x5)
[0116/235501.005:ERROR:process_reader_win.cc(151)] SuspendThread: アクセスが拒否されました。 (0x5)
[0116/235501.005:ERROR:process_reader_win.cc(151)] SuspendThread: アクセスが拒否されました。 (0x5)
[0116/235501.005:ERROR:process_reader_win.cc(151)] SuspendThread: アクセスが拒否されました。 (0x5)
[0116/235501.005:ERROR:process_reader_win.cc(151)] SuspendThread: アクセスが拒否されました。 (0x5)
[0116/235501.005:ERROR:process_reader_win.cc(151)] SuspendThread: アクセスが拒否されました。 (0x5)
[0116/235501.005:ERROR:process_reader_win.cc(151)] SuspendThread: アクセスが拒否されました。 (0x5)
[0116/235501.005:ERROR:process_reader_win.cc(151)] SuspendThread: アクセスが拒否されました。 (0x5)
[0116/235501.005:ERROR:process_reader_win.cc(151)] SuspendThread: アクセスが拒否されました。 (0x5)
[0116/235501.005:ERROR:process_reader_win.cc(151)] SuspendThread: アクセスが拒否されました。 (0x5)
[0116/235501.005:ERROR:process_reader_win.cc(151)] SuspendThread: アクセスが拒否されました。 (0x5)
[0116/235501.005:ERROR:process_reader_win.cc(151)] SuspendThread: アクセスが拒否されました。 (0x5)
[0116/235501.005:ERROR:process_reader_win.cc(123)] NtOpenThread: {アクセス拒否} プロセスはオブジェクトのアクセスを要求しましたが、アクセス権が与えられていません。 (0xc0000022)
[0116/235501.005:ERROR:exception_snapshot_win.cc(99)] thread ID 29688 not found in process
[0116/235501.115:ERROR:process_reader_win.cc(151)] SuspendThread: アクセスが拒否されました。 (0x5)
[0116/235501.115:ERROR:process_reader_win.cc(151)] SuspendThread: アクセスが拒否されました。 (0x5)
[0116/235501.115:ERROR:process_reader_win.cc(151)] SuspendThread: アクセスが拒否されました。 (0x5)
[0116/235501.116:ERROR:process_reader_win.cc(151)] SuspendThread: アクセスが拒否されました。 (0x5)
[0116/235501.116:ERROR:process_reader_win.cc(151)] SuspendThread: アクセスが拒否されました。 (0x5)
[0116/235501.116:ERROR:process_reader_win.cc(151)] SuspendThread: アクセスが拒否されました。 (0x5)
[0116/235501.116:ERROR:process_reader_win.cc(151)] SuspendThread: アクセスが拒否されました。 (0x5)
[0116/235501.116:ERROR:process_reader_win.cc(151)] SuspendThread: アクセスが拒否されました。 (0x5)
[0116/235501.116:ERROR:process_reader_win.cc(151)] SuspendThread: アクセスが拒否されました。 (0x5)
[0116/235501.116:ERROR:process_reader_win.cc(151)] SuspendThread: アクセスが拒否されました。 (0x5)
[0116/235501.116:ERROR:process_reader_win.cc(151)] SuspendThread: アクセスが拒否されました。 (0x5)
[0116/235501.116:ERROR:process_reader_win.cc(151)] SuspendThread: アクセスが拒否されました。 (0x5)
[0116/235501.116:ERROR:process_reader_win.cc(151)] SuspendThread: アクセスが拒否されました。 (0x5)
[0116/235501.116:ERROR:process_reader_win.cc(123)] NtOpenThread: {アクセス拒否} プロセスはオブジェクトのアクセスを要求しましたが、アクセス権が与えられていません。 (0xc0000022)
[0116/235501.116:ERROR:exception_snapshot_win.cc(99)] thread ID 17656 not found in process
[0116/235501.140:ERROR:process_reader_win.cc(151)] SuspendThread: アクセスが拒否されました。 (0x5)
[0116/235501.140:ERROR:process_reader_win.cc(151)] SuspendThread: アクセスが拒否されました。 (0x5)
[0116/235501.140:ERROR:process_reader_win.cc(151)] SuspendThread: アクセスが拒否されました。 (0x5)
[0116/235501.141:ERROR:process_reader_win.cc(151)] SuspendThread: アクセスが拒否されました。 (0x5)
[0116/235501.141:ERROR:process_reader_win.cc(151)] SuspendThread: アクセスが拒否されました。 (0x5)
[0116/235501.141:ERROR:process_reader_win.cc(151)] SuspendThread: アクセスが拒否されました。 (0x5)
[0116/235501.141:ERROR:process_reader_win.cc(151)] SuspendThread: アクセスが拒否されました。 (0x5)
[0116/235501.141:ERROR:process_reader_win.cc(151)] SuspendThread: アクセスが拒否されました。 (0x5)
[0116/235501.141:ERROR:process_reader_win.cc(151)] SuspendThread: アクセスが拒否されました。 (0x5)
[0116/235501.141:ERROR:process_reader_win.cc(151)] SuspendThread: アクセスが拒否されました。 (0x5)
[0116/235501.141:ERROR:process_reader_win.cc(151)] SuspendThread: アクセスが拒否されました。 (0x5)
[0116/235501.141:ERROR:process_reader_win.cc(151)] SuspendThread: アクセスが拒否されました。 (0x5)
[0116/235501.141:ERROR:process_reader_win.cc(151)] SuspendThread: アクセスが拒否されました。 (0x5)
[0116/235501.141:ERROR:process_reader_win.cc(151)] SuspendThread: アクセスが拒否されました。 (0x5)
[0116/235501.141:ERROR:process_reader_win.cc(151)] SuspendThread: アクセスが拒否されました。 (0x5)
[0116/235501.141:ERROR:process_reader_win.cc(151)] SuspendThread: アクセスが拒否されました。 (0x5)
[0116/235501.141:ERROR:process_reader_win.cc(151)] SuspendThread: アクセスが拒否されました。 (0x5)
[0116/235501.141:ERROR:process_reader_win.cc(151)] SuspendThread: アクセスが拒否されました。 (0x5)
[0116/235501.141:ERROR:process_reader_win.cc(123)] NtOpenThread: {アクセス拒否} プロセスはオブジェクトのアクセスを要求しましたが、アクセス権が与えられていません。 (0xc0000022)
[0116/235501.141:ERROR:exception_snapshot_win.cc(99)] thread ID 13720 not found in process
[0116/235501.186:ERROR:process_reader_win.cc(151)] SuspendThread: アクセスが拒否されました。 (0x5)
[0116/235501.186:ERROR:process_reader_win.cc(151)] SuspendThread: アクセスが拒否されました。 (0x5)
[0116/235501.186:ERROR:process_reader_win.cc(151)] SuspendThread: アクセスが拒否されました。 (0x5)
[0116/235501.186:ERROR:process_reader_win.cc(151)] SuspendThread: アクセスが拒否されました。 (0x5)
[0116/235501.186:ERROR:process_reader_win.cc(151)] SuspendThread: アクセスが拒否されました。 (0x5)
[0116/235501.186:ERROR:process_reader_win.cc(151)] SuspendThread: アクセスが拒否されました。 (0x5)
[0116/235501.186:ERROR:process_reader_win.cc(151)] SuspendThread: アクセスが拒否されました。 (0x5)
[0116/235501.186:ERROR:process_reader_win.cc(151)] SuspendThread: アクセスが拒否されました。 (0x5)
[0116/235501.186:ERROR:process_reader_win.cc(151)] SuspendThread: アクセスが拒否されました。 (0x5)
[0116/235501.186:ERROR:process_reader_win.cc(151)] SuspendThread: アクセスが拒否されました。 (0x5)
[0116/235501.186:ERROR:process_reader_win.cc(151)] SuspendThread: アクセスが拒否されました。 (0x5)
[0116/235501.186:ERROR:process_reader_win.cc(151)] SuspendThread: アクセスが拒否されました。 (0x5)
[0116/235501.186:ERROR:process_reader_win.cc(151)] SuspendThread: アクセスが拒否されました。 (0x5)
[0116/235501.186:ERROR:process_reader_win.cc(151)] SuspendThread: アクセスが拒否されました。 (0x5)
[0116/235501.186:ERROR:process_reader_win.cc(151)] SuspendThread: アクセスが拒否されました。 (0x5)
[0116/235501.186:ERROR:process_reader_win.cc(151)] SuspendThread: アクセスが拒否されました。 (0x5)
[0116/235501.186:ERROR:process_reader_win.cc(151)] SuspendThread: アクセスが拒否されました。 (0x5)
[0116/235501.186:ERROR:process_reader_win.cc(151)] SuspendThread: アクセスが拒否されました。 (0x5)
[0116/235501.186:ERROR:process_reader_win.cc(151)] SuspendThread: アクセスが拒否されました。 (0x5)
[0116/235501.186:ERROR:process_reader_win.cc(123)] NtOpenThread: {アクセス拒否} プロセスはオブジェクトのアクセスを要求しましたが、アクセス権が与えられていません。 (0xc0000022)
[0116/235501.187:ERROR:exception_snapshot_win.cc(99)] thread ID 24840 not found in process
[0116/235501.190:ERROR:process_reader_win.cc(151)] SuspendThread: アクセスが拒否されました。 (0x5)
[0116/235501.190:ERROR:process_reader_win.cc(151)] SuspendThread: アクセスが拒否されました。 (0x5)
[0116/235501.190:ERROR:process_reader_win.cc(151)] SuspendThread: アクセスが拒否されました。 (0x5)
[0116/235501.190:ERROR:process_reader_win.cc(151)] SuspendThread: アクセスが拒否されました。 (0x5)
[0116/235501.190:ERROR:process_reader_win.cc(151)] SuspendThread: アクセスが拒否されました。 (0x5)
[0116/235501.190:ERROR:process_reader_win.cc(151)] SuspendThread: アクセスが拒否されました。 (0x5)
[0116/235501.190:ERROR:process_reader_win.cc(151)] SuspendThread: アクセスが拒否されました。 (0x5)
[0116/235501.190:ERROR:process_reader_win.cc(151)] SuspendThread: アクセスが拒否されました。 (0x5)
[0116/235501.190:ERROR:process_reader_win.cc(151)] SuspendThread: アクセスが拒否されました。 (0x5)
[0116/235501.190:ERROR:process_reader_win.cc(151)] SuspendThread: アクセスが拒否されました。 (0x5)
[0116/235501.190:ERROR:process_reader_win.cc(151)] SuspendThread: アクセスが拒否されました。 (0x5)
[0116/235501.190:ERROR:process_reader_win.cc(151)] SuspendThread: アクセスが拒否されました。 (0x5)
[0116/235501.190:ERROR:process_reader_win.cc(151)] SuspendThread: アクセスが拒否されました。 (0x5)
[0116/235501.190:ERROR:process_reader_win.cc(151)] SuspendThread: アクセスが拒否されました。 (0x5)
[0116/235501.190:ERROR:process_reader_win.cc(151)] SuspendThread: アクセスが拒否されました。 (0x5)
[0116/235501.190:ERROR:process_reader_win.cc(151)] SuspendThread: アクセスが拒否されました。 (0x5)
[0116/235501.190:ERROR:process_reader_win.cc(151)] SuspendThread: アクセスが拒否されました。 (0x5)
[0116/235501.190:ERROR:process_reader_win.cc(151)] SuspendThread: アクセスが拒否されました。 (0x5)
[0116/235501.190:ERROR:process_reader_win.cc(123)] NtOpenThread: {アクセス拒否} プロセスはオブジェクトのアクセスを要求しましたが、アクセス権が与えられていません。 (0xc0000022)
[0116/235501.191:ERROR:exception_snapshot_win.cc(99)] thread ID 7012 not found in process
[0116/235501.194:ERROR:process_reader_win.cc(151)] SuspendThread: アクセスが拒否されました。 (0x5)
[0116/235501.194:ERROR:process_reader_win.cc(151)] SuspendThread: アクセスが拒否されました。 (0x5)
[0116/235501.194:ERROR:process_reader_win.cc(151)] SuspendThread: アクセスが拒否されました。 (0x5)
[0116/235501.194:ERROR:process_reader_win.cc(151)] SuspendThread: アクセスが拒否されました。 (0x5)
[0116/235501.194:ERROR:process_reader_win.cc(151)] SuspendThread: アクセスが拒否されました。 (0x5)
[0116/235501.194:ERROR:process_reader_win.cc(151)] SuspendThread: アクセスが拒否されました。 (0x5)
[0116/235501.194:ERROR:process_reader_win.cc(151)] SuspendThread: アクセスが拒否されました。 (0x5)
[0116/235501.194:ERROR:process_reader_win.cc(151)] SuspendThread: アクセスが拒否されました。 (0x5)
[0116/235501.194:ERROR:process_reader_win.cc(151)] SuspendThread: アクセスが拒否されました。 (0x5)
[0116/235501.194:ERROR:process_reader_win.cc(151)] SuspendThread: アクセスが拒否されました。 (0x5)
[0116/235501.194:ERROR:process_reader_win.cc(151)] SuspendThread: アクセスが拒否されました。 (0x5)
[0116/235501.194:ERROR:process_reader_win.cc(151)] SuspendThread: アクセスが拒否されました。 (0x5)
[0116/235501.194:ERROR:process_reader_win.cc(123)] NtOpenThread: {アクセス拒否} プロセスはオブジェクトのアクセスを要求しましたが、アクセス権が与えられていません。 (0xc0000022)
[0116/235501.194:ERROR:exception_snapshot_win.cc(99)] thread ID 21364 not found in process
[0116/235501.298:ERROR:process_reader_win.cc(151)] SuspendThread: アクセスが拒否されました。 (0x5)
[0116/235501.298:ERROR:process_reader_win.cc(151)] SuspendThread: アクセスが拒否されました。 (0x5)
[0116/235501.298:ERROR:process_reader_win.cc(151)] SuspendThread: アクセスが拒否されました。 (0x5)
[0116/235501.298:ERROR:process_reader_win.cc(151)] SuspendThread: アクセスが拒否されました。 (0x5)
[0116/235501.298:ERROR:process_reader_win.cc(151)] SuspendThread: アクセスが拒否されました。 (0x5)
[0116/235501.298:ERROR:process_reader_win.cc(151)] SuspendThread: アクセスが拒否されました。 (0x5)
[0116/235501.298:ERROR:process_reader_win.cc(151)] SuspendThread: アクセスが拒否されました。 (0x5)
[0116/235501.298:ERROR:process_reader_win.cc(151)] SuspendThread: アクセスが拒否されました。 (0x5)
[0116/235501.298:ERROR:process_reader_win.cc(151)] SuspendThread: アクセスが拒否されました。 (0x5)
[0116/235501.298:ERROR:process_reader_win.cc(151)] SuspendThread: アクセスが拒否されました。 (0x5)
[0116/235501.298:ERROR:process_reader_win.cc(151)] SuspendThread: アクセスが拒否されました。 (0x5)
[0116/235501.298:ERROR:process_reader_win.cc(151)] SuspendThread: アクセスが拒否されました。 (0x5)
[0116/235501.298:ERROR:process_reader_win.cc(151)] SuspendThread: アクセスが拒否されました。 (0x5)
[0116/235501.298:ERROR:process_reader_win.cc(123)] NtOpenThread: {アクセス拒否} プロセスはオブジェクトのアクセスを要求しましたが、アクセス権が与えられていません。 (0xc0000022)
[0116/235501.298:ERROR:exception_snapshot_win.cc(99)] thread ID 16700 not found in process
[0116/235501.348:ERROR:process_reader_win.cc(151)] SuspendThread: アクセスが拒否されました。 (0x5)
[0116/235501.348:ERROR:process_reader_win.cc(151)] SuspendThread: アクセスが拒否されました。 (0x5)
[0116/235501.349:ERROR:process_reader_win.cc(151)] SuspendThread: アクセスが拒否されました。 (0x5)
[0116/235501.349:ERROR:process_reader_win.cc(151)] SuspendThread: アクセスが拒否されました。 (0x5)
[0116/235501.349:ERROR:process_reader_win.cc(151)] SuspendThread: アクセスが拒否されました。 (0x5)
[0116/235501.349:ERROR:process_reader_win.cc(151)] SuspendThread: アクセスが拒否されました。 (0x5)
[0116/235501.349:ERROR:process_reader_win.cc(151)] SuspendThread: アクセスが拒否されました。 (0x5)
[0116/235501.349:ERROR:process_reader_win.cc(151)] SuspendThread: アクセスが拒否されました。 (0x5)
[0116/235501.349:ERROR:process_reader_win.cc(151)] SuspendThread: アクセスが拒否されました。 (0x5)
[0116/235501.349:ERROR:process_reader_win.cc(151)] SuspendThread: アクセスが拒否されました。 (0x5)
[0116/235501.349:ERROR:process_reader_win.cc(151)] SuspendThread: アクセスが拒否されました。 (0x5)
[0116/235501.349:ERROR:process_reader_win.cc(151)] SuspendThread: アクセスが拒否されました。 (0x5)
[0116/235501.349:ERROR:process_reader_win.cc(123)] NtOpenThread: {アクセス拒否} プロセスはオブジェクトのアクセスを要求しましたが、アクセス権が与えられていません。 (0xc0000022)
[0116/235501.349:ERROR:exception_snapshot_win.cc(99)] thread ID 5064 not found in process
[0116/235501.363:ERROR:process_reader_win.cc(151)] SuspendThread: アクセスが拒否されました。 (0x5)
[0116/235501.363:ERROR:process_reader_win.cc(151)] SuspendThread: アクセスが拒否されました。 (0x5)
[0116/235501.363:ERROR:process_reader_win.cc(151)] SuspendThread: アクセスが拒否されました。 (0x5)
[0116/235501.363:ERROR:process_reader_win.cc(151)] SuspendThread: アクセスが拒否されました。 (0x5)
[0116/235501.363:ERROR:process_reader_win.cc(151)] SuspendThread: アクセスが拒否されました。 (0x5)
[0116/235501.363:ERROR:process_reader_win.cc(151)] SuspendThread: アクセスが拒否されました。 (0x5)
[0116/235501.363:ERROR:process_reader_win.cc(151)] SuspendThread: アクセスが拒否されました。 (0x5)
[0116/235501.363:ERROR:process_reader_win.cc(151)] SuspendThread: アクセスが拒否されました。 (0x5)
[0116/235501.363:ERROR:process_reader_win.cc(151)] SuspendThread: アクセスが拒否されました。 (0x5)
[0116/235501.363:ERROR:process_reader_win.cc(151)] SuspendThread: アクセスが拒否されました。 (0x5)
[0116/235501.363:ERROR:process_reader_win.cc(151)] SuspendThread: アクセスが拒否されました。 (0x5)
[0116/235501.363:ERROR:process_reader_win.cc(151)] SuspendThread: アクセスが拒否されました。 (0x5)
[0116/235501.363:ERROR:process_reader_win.cc(123)] NtOpenThread: {アクセス拒否} プロセスはオブジェクトのアクセスを要求しましたが、アクセス権が与えられていません。 (0xc0000022)
[0116/235501.363:ERROR:exception_snapshot_win.cc(99)] thread ID 24328 not found in process
[0116/235501.386:ERROR:process_reader_win.cc(151)] SuspendThread: アクセスが拒否されました。 (0x5)
[0116/235501.386:ERROR:process_reader_win.cc(151)] SuspendThread: アクセスが拒否されました。 (0x5)
[0116/235501.386:ERROR:process_reader_win.cc(151)] SuspendThread: アクセスが拒否されました。 (0x5)
[0116/235501.386:ERROR:process_reader_win.cc(151)] SuspendThread: アクセスが拒否されました。 (0x5)
[0116/235501.386:ERROR:process_reader_win.cc(151)] SuspendThread: アクセスが拒否されました。 (0x5)
[0116/235501.386:ERROR:process_reader_win.cc(151)] SuspendThread: アクセスが拒否されました。 (0x5)
[0116/235501.386:ERROR:process_reader_win.cc(151)] SuspendThread: アクセスが拒否されました。 (0x5)
[0116/235501.386:ERROR:process_reader_win.cc(151)] SuspendThread: アクセスが拒否されました。 (0x5)
[0116/235501.386:ERROR:process_reader_win.cc(151)] SuspendThread: アクセスが拒否されました。 (0x5)
[0116/235501.386:ERROR:process_reader_win.cc(151)] SuspendThread: アクセスが拒否されました。 (0x5)
[0116/235501.386:ERROR:process_reader_win.cc(151)] SuspendThread: アクセスが拒否されました。 (0x5)
[0116/235501.386:ERROR:process_reader_win.cc(151)] SuspendThread: アクセスが拒否されました。 (0x5)
[0116/235501.386:ERROR:process_reader_win.cc(151)] SuspendThread: アクセスが拒否されました。 (0x5)
[0116/235501.386:ERROR:process_reader_win.cc(151)] SuspendThread: アクセスが拒否されました。 (0x5)
[0116/235501.386:ERROR:process_reader_win.cc(151)] SuspendThread: アクセスが拒否されました。 (0x5)
[0116/235501.386:ERROR:process_reader_win.cc(151)] SuspendThread: アクセスが拒否されました。 (0x5)
[0116/235501.386:ERROR:process_reader_win.cc(123)] NtOpenThread: {アクセス拒否} プロセスはオブジェクトのアクセスを要求しましたが、アクセス権が与えられていません。 (0xc0000022)
[0116/235501.386:ERROR:exception_snapshot_win.cc(99)] thread ID 18124 not found in process
[0116/235501.443:ERROR:process_reader_win.cc(151)] SuspendThread: アクセスが拒否されました。 (0x5)
[0116/235501.443:ERROR:process_reader_win.cc(151)] SuspendThread: アクセスが拒否されました。 (0x5)
[0116/235501.444:ERROR:process_reader_win.cc(123)] NtOpenThread: {アクセス拒否} プロセスはオブジェクトのアクセスを要求しましたが、アクセス権が与えられていません。 (0xc0000022)
[0116/235501.444:ERROR:exception_snapshot_win.cc(99)] thread ID 31116 not found in process
[0116/235501.471:ERROR:process_reader_win.cc(151)] SuspendThread: アクセスが拒否されました。 (0x5)
[0116/235501.471:ERROR:process_reader_win.cc(151)] SuspendThread: アクセスが拒否されました。 (0x5)
[0116/235501.471:ERROR:process_reader_win.cc(123)] NtOpenThread: {アクセス拒否} プロセスはオブジェクトのアクセスを要求しましたが、アクセス権が与えられていません。 (0xc0000022)
[0116/235501.471:ERROR:exception_snapshot_win.cc(99)] thread ID 16396 not found in process
